#
# There is insufficient memory for the Java Runtime Environment to continue.
# Native memory allocation (mmap) failed to map 26214400 bytes for Failed to commit area from 0x000000008be00000 to 0x000000008d700000 of length 26214400.
# Possible reasons:
#   The system is out of physical RAM or swap space
#   The process is running with CompressedOops enabled, and the Java Heap may be blocking the growth of the native heap
# Possible solutions:
#   Reduce memory load on the system
#   Increase physical memory or swap space
#   Check if swap backing store is full
#   Decrease Java heap size (-Xmx/-Xms)
#   Decrease number of Java threads
#   Decrease Java thread stack sizes (-Xss)
#   Set larger code cache with -XX:ReservedCodeCacheSize=
#   JVM is running with Unscaled Compressed Oops mode in which the Java heap is
#     placed in the first 4GB address space. The Java Heap base address is the
#     maximum limit for the native heap growth. Please use -XX:HeapBaseMinAddress
#     to set the Java Heap base and to place the Java Heap above 4GB virtual address.
# This output file may be truncated or incomplete.
#
#  Out of Memory Error (./open/src/hotspot/os/windows/os_windows.cpp:3287), pid=24560, tid=1984
#
# JRE version: Java(TM) SE Runtime Environment 18.9 (11.0.16+11) (build 11.0.16+11-LTS-199)
# Java VM: Java HotSpot(TM) 64-Bit Server VM 18.9 (11.0.16+11-LTS-199, mixed mode, tiered, compressed oops, g1 gc, windows-amd64)
# No core dump will be written. Minidumps are not enabled by default on client versions of Windows
#

---------------  S U M M A R Y ------------

Command Line: -XX:TieredStopAtLevel=1 -Xverify:none -Dspring.output.ansi.enabled=always -Dcom.sun.management.jmxremote -Dspring.jmx.enabled=true -Dspring.liveBeansView.mbeanDomain -Dspring.application.admin.enabled=true -javaagent:C:\Program Files\JetBrains\IntelliJ IDEA 2022.2\lib\idea_rt.jar=50797:C:\Program Files\JetBrains\IntelliJ IDEA 2022.2\bin -Dfile.encoding=UTF-8 inha.app.MyGate.MyGateApplication

Host: Intel(R) Core(TM) i5-1035G7 CPU @ 1.20GHz, 8 cores, 7G,  Windows 10 , 64 bit Build 19041 (10.0.19041.3155)
Time: Wed Nov 22 16:42:12 2023  Windows 10 , 64 bit Build 19041 (10.0.19041.3155) elapsed time: 11.257911 seconds (0d 0h 0m 11s)

---------------  T H R E A D  ---------------

Current thread (0x0000026b6f836800):  VMThread "VM Thread" [stack: 0x000000effa500000,0x000000effa600000] [id=1984]

Stack: [0x000000effa500000,0x000000effa600000]
[error occurred during error reporting (printing stack bounds), id 0xc0000005, EXCEPTION_ACCESS_VIOLATION (0xc0000005) at pc=0x0000026b589410e7]

Native frames: (J=compiled Java code, j=interpreted, Vv=VM code, C=native code)
V  [jvm.dll+0x62a3ea]
V  [jvm.dll+0x76418f]
V  [jvm.dll+0x765839]
V  [jvm.dll+0x765e25]
V  [jvm.dll+0x765ddb]
V  [jvm.dll+0x6298d3]
V  [jvm.dll+0x629fe8]
C  [ntdll.dll+0xa23af]
C  [ntdll.dll+0x514b4]
C  [ntdll.dll+0xa0ebe]
C  0x0000026b589410e7

VM_Operation (0x000000eff9ffc810): G1CollectForAllocation, mode: safepoint, requested by thread 0x0000026b4fad1000


---------------  P R O C E S S  ---------------

Threads class SMR info:
_java_thread_list=0x0000026b7472c280, length=19, elements={
0x0000026b4fad1000, 0x0000026b6f838000, 0x0000026b6f841800, 0x0000026b6f853000,
0x0000026b70152800, 0x0000026b70157800, 0x0000026b7015b000, 0x0000026b70162800,
0x0000026b70285000, 0x0000026b70712800, 0x0000026b7088b800, 0x0000026b71aa8000,
0x0000026b71b05800, 0x0000026b7230d800, 0x0000026b70b36800, 0x0000026b70b15800,
0x0000026b70b16800, 0x0000026b72638800, 0x0000026b72639000
}

Java Threads: ( => current thread )
  0x0000026b4fad1000 JavaThread "main" [_thread_blocked, id=27300, stack(0x000000eff9f00000,0x000000effa000000)]
  0x0000026b6f838000 JavaThread "Reference Handler" daemon [_thread_blocked, id=20736, stack(0x000000effa600000,0x000000effa700000)]
  0x0000026b6f841800 JavaThread "Finalizer" daemon [_thread_blocked, id=5604, stack(0x000000effa700000,0x000000effa800000)]
  0x0000026b6f853000 JavaThread "Signal Dispatcher" daemon [_thread_blocked, id=14768, stack(0x000000effa800000,0x000000effa900000)]
  0x0000026b70152800 JavaThread "Attach Listener" daemon [_thread_blocked, id=27224, stack(0x000000effa900000,0x000000effaa00000)]
  0x0000026b70157800 JavaThread "Service Thread" daemon [_thread_blocked, id=26920, stack(0x000000effaa00000,0x000000effab00000)]
  0x0000026b7015b000 JavaThread "C1 CompilerThread0" daemon [_thread_blocked, id=28344, stack(0x000000effab00000,0x000000effac00000)]
  0x0000026b70162800 JavaThread "Sweeper thread" daemon [_thread_blocked, id=11172, stack(0x000000effac00000,0x000000effad00000)]
  0x0000026b70285000 JavaThread "Common-Cleaner" daemon [_thread_blocked, id=14396, stack(0x000000effad00000,0x000000effae00000)]
  0x0000026b70712800 JavaThread "Monitor Ctrl-Break" daemon [_thread_in_native, id=21240, stack(0x000000effae00000,0x000000effaf00000)]
  0x0000026b7088b800 JavaThread "RMI TCP Accept-0" daemon [_thread_in_native, id=25496, stack(0x000000effaf00000,0x000000effb000000)]
  0x0000026b71aa8000 JavaThread "RMI TCP Connection(1)-172.30.1.72" daemon [_thread_in_native, id=19100, stack(0x000000effb600000,0x000000effb700000)]
  0x0000026b71b05800 JavaThread "RMI Scheduler(0)" daemon [_thread_blocked, id=25556, stack(0x000000effb200000,0x000000effb300000)]
  0x0000026b7230d800 JavaThread "Catalina-utility-1" [_thread_blocked, id=16060, stack(0x000000effb700000,0x000000effb800000)]
  0x0000026b70b36800 JavaThread "Catalina-utility-2" [_thread_blocked, id=20752, stack(0x000000effb800000,0x000000effb900000)]
  0x0000026b70b15800 JavaThread "container-0" [_thread_blocked, id=21144, stack(0x000000effb900000,0x000000effba00000)]
  0x0000026b70b16800 JavaThread "mysql-cj-abandoned-connection-cleanup" daemon [_thread_blocked, id=14564, stack(0x000000effba00000,0x000000effbb00000)]
  0x0000026b72638800 JavaThread "HikariPool-1 housekeeper" daemon [_thread_blocked, id=25056, stack(0x000000effc000000,0x000000effc100000)]
  0x0000026b72639000 JavaThread "HikariPool-1 connection adder" daemon [_thread_blocked, id=21968, stack(0x000000effc100000,0x000000effc200000)]

Other Threads:
=>0x0000026b6f836800 VMThread "VM Thread" [stack: 0x000000effa500000,0x000000effa600000] [id=1984]
  0x0000026b70885000 WatcherThread [stack: 0x000000effb000000,0x000000effb100000] [id=12332]
  0x0000026b4fae5000 GCTaskThread "GC Thread#0" [stack: 0x000000effa000000,0x000000effa100000] [id=7856]
  0x0000026b70c8e800 GCTaskThread "GC Thread#1" [stack: 0x000000effb100000,0x000000effb200000] [id=12804]
  0x0000026b71993800 GCTaskThread "GC Thread#2" [stack: 0x000000effb300000,0x000000effb400000] [id=16972]
  0x0000026b718b7800 GCTaskThread "GC Thread#3" [stack: 0x000000effb400000,0x000000effb500000] [id=21704]
  0x0000026b709b2000 GCTaskThread "GC Thread#4" [stack: 0x000000effbc00000,0x000000effbd00000] [id=27384]
  0x0000026b709b2800 GCTaskThread "GC Thread#5" [stack: 0x000000effbd00000,0x000000effbe00000] [id=22884]
  0x0000026b709b3800 GCTaskThread "GC Thread#6" [stack: 0x000000effbe00000,0x000000effbf00000] [id=20732]
  0x0000026b709b4000 GCTaskThread "GC Thread#7" [stack: 0x000000effbf00000,0x000000effc000000] [id=1324]
  0x0000026b4fb18000 ConcurrentGCThread "G1 Main Marker" [stack: 0x000000effa100000,0x000000effa200000] [id=16696]
  0x0000026b4fb1a800 ConcurrentGCThread "G1 Conc#0" [stack: 0x000000effa200000,0x000000effa300000] [id=24468]
  0x0000026b71848800 ConcurrentGCThread "G1 Conc#1" [stack: 0x000000effb500000,0x000000effb600000] [id=9188]
  0x0000026b6f670800 ConcurrentGCThread "G1 Refine#0" [stack: 0x000000effa300000,0x000000effa400000] [id=18424]
  0x0000026b6f671800 ConcurrentGCThread "G1 Young RemSet Sampling" [stack: 0x000000effa400000,0x000000effa500000] [id=2212]

Threads with active compile tasks:

VM state:at safepoint (normal execution)

VM Mutex/Monitor currently owned by a thread:  ([mutex/lock_event])
[0x0000026b4faccff0] Threads_lock - owner thread: 0x0000026b6f836800
[0x0000026b4facd6b0] Heap_lock - owner thread: 0x0000026b4fad1000

Heap address: 0x0000000084200000, size: 1982 MB, Compressed Oops mode: 32-bit
Narrow klass base: 0x0000000000000000, Narrow klass shift: 3
Compressed class space size: 1073741824 Address: 0x0000000100000000

Heap:
 garbage-first heap   total 152576K, used 24664K [0x0000000084200000, 0x0000000100000000)
  region size 1024K, 7 young (7168K), 7 survivors (7168K)
 Metaspace       used 54950K, capacity 56534K, committed 56784K, reserved 1097728K
  class space    used 7277K, capacity 7932K, committed 8012K, reserved 1048576K
Heap Regions: E=young(eden), S=young(survivor), O=old, HS=humongous(starts), HC=humongous(continues), CS=collection set, F=free, A=archive, TAMS=top-at-mark-start (previous, next)
|   0|0x0000000084200000, 0x0000000084300000, 0x0000000084300000|100%|HS|  |TAMS 0x0000000084300000, 0x0000000084200000| Complete 
|   1|0x0000000084300000, 0x0000000084400000, 0x0000000084400000|100%| O|  |TAMS 0x0000000084400000, 0x0000000084300000| Untracked 
|   2|0x0000000084400000, 0x0000000084500000, 0x0000000084500000|100%| O|  |TAMS 0x0000000084500000, 0x0000000084400000| Untracked 
|   3|0x0000000084500000, 0x0000000084600000, 0x0000000084600000|100%| O|  |TAMS 0x0000000084600000, 0x0000000084500000| Untracked 
|   4|0x0000000084600000, 0x0000000084700000, 0x0000000084700000|100%| O|  |TAMS 0x0000000084700000, 0x0000000084600000| Untracked 
|   5|0x0000000084700000, 0x0000000084800000, 0x0000000084800000|100%| O|  |TAMS 0x0000000084800000, 0x0000000084700000| Untracked 
|   6|0x0000000084800000, 0x0000000084900000, 0x0000000084900000|100%| O|  |TAMS 0x0000000084900000, 0x0000000084800000| Untracked 
|   7|0x0000000084900000, 0x0000000084a00000, 0x0000000084a00000|100%| O|  |TAMS 0x0000000084a00000, 0x0000000084900000| Untracked 
|   8|0x0000000084a00000, 0x0000000084b00000, 0x0000000084b00000|100%| O|  |TAMS 0x0000000084b00000, 0x0000000084a00000| Untracked 
|   9|0x0000000084b00000, 0x0000000084c00000, 0x0000000084c00000|100%| O|  |TAMS 0x0000000084b34c00, 0x0000000084b00000| Untracked 
|  10|0x0000000084c00000, 0x0000000084d00000, 0x0000000084d00000|100%| O|  |TAMS 0x0000000084c00000, 0x0000000084c00000| Untracked 
|  11|0x0000000084d00000, 0x0000000084e00000, 0x0000000084e00000|100%| O|  |TAMS 0x0000000084d00000, 0x0000000084d00000| Untracked 
|  12|0x0000000084e00000, 0x0000000084f00000, 0x0000000084f00000|100%| O|  |TAMS 0x0000000084e00000, 0x0000000084e00000| Untracked 
|  13|0x0000000084f00000, 0x0000000085000000, 0x0000000085000000|100%| O|  |TAMS 0x0000000084f00000, 0x0000000084f00000| Untracked 
|  14|0x0000000085000000, 0x0000000085100000, 0x0000000085100000|100%| O|  |TAMS 0x0000000085000000, 0x0000000085000000| Untracked 
|  15|0x0000000085100000, 0x0000000085200000, 0x0000000085200000|100%| O|  |TAMS 0x0000000085100000, 0x0000000085100000| Untracked 
|  16|0x0000000085200000, 0x0000000085300000, 0x0000000085300000|100%| O|  |TAMS 0x0000000085200000, 0x0000000085200000| Untracked 
|  17|0x0000000085300000, 0x0000000085316200, 0x0000000085400000|  8%| O|  |TAMS 0x0000000085300000, 0x0000000085300000| Untracked 
|  18|0x0000000085400000, 0x0000000085400000, 0x0000000085500000|  0%| F|  |TAMS 0x0000000085400000, 0x0000000085400000| Untracked 
|  19|0x0000000085500000, 0x0000000085500000, 0x0000000085600000|  0%| F|  |TAMS 0x0000000085500000, 0x0000000085500000| Untracked 
|  20|0x0000000085600000, 0x0000000085600000, 0x0000000085700000|  0%| F|  |TAMS 0x0000000085600000, 0x0000000085600000| Untracked 
|  21|0x0000000085700000, 0x0000000085700000, 0x0000000085800000|  0%| F|  |TAMS 0x0000000085700000, 0x0000000085700000| Untracked 
|  22|0x0000000085800000, 0x0000000085800000, 0x0000000085900000|  0%| F|  |TAMS 0x0000000085800000, 0x0000000085800000| Untracked 
|  23|0x0000000085900000, 0x0000000085900000, 0x0000000085a00000|  0%| F|  |TAMS 0x0000000085900000, 0x0000000085900000| Untracked 
|  24|0x0000000085a00000, 0x0000000085a00000, 0x0000000085b00000|  0%| F|  |TAMS 0x0000000085a00000, 0x0000000085a00000| Untracked 
|  25|0x0000000085b00000, 0x0000000085b00000, 0x0000000085c00000|  0%| F|  |TAMS 0x0000000085b00000, 0x0000000085b00000| Untracked 
|  26|0x0000000085c00000, 0x0000000085c00000, 0x0000000085d00000|  0%| F|  |TAMS 0x0000000085c00000, 0x0000000085c00000| Untracked 
|  27|0x0000000085d00000, 0x0000000085d00000, 0x0000000085e00000|  0%| F|  |TAMS 0x0000000085d00000, 0x0000000085d00000| Untracked 
|  28|0x0000000085e00000, 0x0000000085e00000, 0x0000000085f00000|  0%| F|  |TAMS 0x0000000085e00000, 0x0000000085e00000| Untracked 
|  29|0x0000000085f00000, 0x0000000085f00000, 0x0000000086000000|  0%| F|  |TAMS 0x0000000085f00000, 0x0000000085f00000| Untracked 
|  30|0x0000000086000000, 0x0000000086000000, 0x0000000086100000|  0%| F|  |TAMS 0x0000000086000000, 0x0000000086000000| Untracked 
|  31|0x0000000086100000, 0x0000000086100000, 0x0000000086200000|  0%| F|  |TAMS 0x0000000086100000, 0x0000000086100000| Untracked 
|  32|0x0000000086200000, 0x0000000086200000, 0x0000000086300000|  0%| F|  |TAMS 0x0000000086200000, 0x0000000086200000| Untracked 
|  33|0x0000000086300000, 0x0000000086300000, 0x0000000086400000|  0%| F|  |TAMS 0x0000000086300000, 0x0000000086300000| Untracked 
|  34|0x0000000086400000, 0x0000000086400000, 0x0000000086500000|  0%| F|  |TAMS 0x0000000086400000, 0x0000000086400000| Untracked 
|  35|0x0000000086500000, 0x0000000086500000, 0x0000000086600000|  0%| F|  |TAMS 0x0000000086500000, 0x0000000086500000| Untracked 
|  36|0x0000000086600000, 0x0000000086600000, 0x0000000086700000|  0%| F|  |TAMS 0x0000000086600000, 0x0000000086600000| Untracked 
|  37|0x0000000086700000, 0x0000000086700000, 0x0000000086800000|  0%| F|  |TAMS 0x0000000086700000, 0x0000000086700000| Untracked 
|  38|0x0000000086800000, 0x0000000086800000, 0x0000000086900000|  0%| F|  |TAMS 0x0000000086800000, 0x0000000086800000| Untracked 
|  39|0x0000000086900000, 0x0000000086900000, 0x0000000086a00000|  0%| F|  |TAMS 0x0000000086900000, 0x0000000086900000| Untracked 
|  40|0x0000000086a00000, 0x0000000086a00000, 0x0000000086b00000|  0%| F|  |TAMS 0x0000000086a00000, 0x0000000086a00000| Untracked 
|  41|0x0000000086b00000, 0x0000000086b00000, 0x0000000086c00000|  0%| F|  |TAMS 0x0000000086b00000, 0x0000000086b00000| Untracked 
|  42|0x0000000086c00000, 0x0000000086c00000, 0x0000000086d00000|  0%| F|  |TAMS 0x0000000086c00000, 0x0000000086c00000| Untracked 
|  43|0x0000000086d00000, 0x0000000086d00000, 0x0000000086e00000|  0%| F|  |TAMS 0x0000000086d00000, 0x0000000086d00000| Untracked 
|  44|0x0000000086e00000, 0x0000000086e00000, 0x0000000086f00000|  0%| F|  |TAMS 0x0000000086e00000, 0x0000000086e00000| Untracked 
|  45|0x0000000086f00000, 0x0000000086f00000, 0x0000000087000000|  0%| F|  |TAMS 0x0000000086f00000, 0x0000000086f00000| Untracked 
|  46|0x0000000087000000, 0x0000000087000000, 0x0000000087100000|  0%| F|  |TAMS 0x0000000087000000, 0x0000000087000000| Untracked 
|  47|0x0000000087100000, 0x0000000087100000, 0x0000000087200000|  0%| F|  |TAMS 0x0000000087100000, 0x0000000087100000| Untracked 
|  48|0x0000000087200000, 0x0000000087200000, 0x0000000087300000|  0%| F|  |TAMS 0x0000000087200000, 0x0000000087200000| Untracked 
|  49|0x0000000087300000, 0x0000000087300000, 0x0000000087400000|  0%| F|  |TAMS 0x0000000087300000, 0x0000000087300000| Untracked 
|  50|0x0000000087400000, 0x0000000087400000, 0x0000000087500000|  0%| F|  |TAMS 0x0000000087400000, 0x0000000087400000| Untracked 
|  51|0x0000000087500000, 0x0000000087500000, 0x0000000087600000|  0%| F|  |TAMS 0x0000000087500000, 0x0000000087500000| Untracked 
|  52|0x0000000087600000, 0x0000000087700000, 0x0000000087700000|100%| S|CS|TAMS 0x0000000087600000, 0x0000000087600000| Complete 
|  53|0x0000000087700000, 0x0000000087800000, 0x0000000087800000|100%| S|CS|TAMS 0x0000000087700000, 0x0000000087700000| Complete 
|  54|0x0000000087800000, 0x0000000087900000, 0x0000000087900000|100%| S|CS|TAMS 0x0000000087800000, 0x0000000087800000| Complete 
|  55|0x0000000087900000, 0x0000000087a00000, 0x0000000087a00000|100%| S|CS|TAMS 0x0000000087900000, 0x0000000087900000| Complete 
|  56|0x0000000087a00000, 0x0000000087b00000, 0x0000000087b00000|100%| S|CS|TAMS 0x0000000087a00000, 0x0000000087a00000| Complete 
|  57|0x0000000087b00000, 0x0000000087c00000, 0x0000000087c00000|100%| S|CS|TAMS 0x0000000087b00000, 0x0000000087b00000| Complete 
|  58|0x0000000087c00000, 0x0000000087d00000, 0x0000000087d00000|100%| S|CS|TAMS 0x0000000087c00000, 0x0000000087c00000| Complete 
|  59|0x0000000087d00000, 0x0000000087d00000, 0x0000000087e00000|  0%| F|  |TAMS 0x0000000087d00000, 0x0000000087d00000| Untracked 
|  60|0x0000000087e00000, 0x0000000087e00000, 0x0000000087f00000|  0%| F|  |TAMS 0x0000000087e00000, 0x0000000087e00000| Untracked 
|  61|0x0000000087f00000, 0x0000000087f00000, 0x0000000088000000|  0%| F|  |TAMS 0x0000000087f00000, 0x0000000087f00000| Untracked 
|  62|0x0000000088000000, 0x0000000088000000, 0x0000000088100000|  0%| F|  |TAMS 0x0000000088000000, 0x0000000088000000| Untracked 
|  63|0x0000000088100000, 0x0000000088100000, 0x0000000088200000|  0%| F|  |TAMS 0x0000000088100000, 0x0000000088100000| Untracked 
|  64|0x0000000088200000, 0x0000000088200000, 0x0000000088300000|  0%| F|  |TAMS 0x0000000088200000, 0x0000000088200000| Untracked 
|  65|0x0000000088300000, 0x0000000088300000, 0x0000000088400000|  0%| F|  |TAMS 0x0000000088300000, 0x0000000088300000| Untracked 
|  66|0x0000000088400000, 0x0000000088400000, 0x0000000088500000|  0%| F|  |TAMS 0x0000000088400000, 0x0000000088400000| Untracked 
|  67|0x0000000088500000, 0x0000000088500000, 0x0000000088600000|  0%| F|  |TAMS 0x0000000088500000, 0x0000000088500000| Untracked 
|  68|0x0000000088600000, 0x0000000088600000, 0x0000000088700000|  0%| F|  |TAMS 0x0000000088600000, 0x0000000088600000| Untracked 
|  69|0x0000000088700000, 0x0000000088700000, 0x0000000088800000|  0%| F|  |TAMS 0x0000000088700000, 0x0000000088700000| Untracked 
|  70|0x0000000088800000, 0x0000000088800000, 0x0000000088900000|  0%| F|  |TAMS 0x0000000088800000, 0x0000000088800000| Untracked 
|  71|0x0000000088900000, 0x0000000088900000, 0x0000000088a00000|  0%| F|  |TAMS 0x0000000088900000, 0x0000000088900000| Untracked 
|  72|0x0000000088a00000, 0x0000000088a00000, 0x0000000088b00000|  0%| F|  |TAMS 0x0000000088a00000, 0x0000000088a00000| Untracked 
|  73|0x0000000088b00000, 0x0000000088b00000, 0x0000000088c00000|  0%| F|  |TAMS 0x0000000088b00000, 0x0000000088b00000| Untracked 
|  74|0x0000000088c00000, 0x0000000088c00000, 0x0000000088d00000|  0%| F|  |TAMS 0x0000000088c00000, 0x0000000088c00000| Untracked 
|  75|0x0000000088d00000, 0x0000000088d00000, 0x0000000088e00000|  0%| F|  |TAMS 0x0000000088d00000, 0x0000000088d00000| Untracked 
|  76|0x0000000088e00000, 0x0000000088e00000, 0x0000000088f00000|  0%| F|  |TAMS 0x0000000088e00000, 0x0000000088e00000| Untracked 
|  77|0x0000000088f00000, 0x0000000088f00000, 0x0000000089000000|  0%| F|  |TAMS 0x0000000088f00000, 0x0000000088f00000| Untracked 
|  78|0x0000000089000000, 0x0000000089000000, 0x0000000089100000|  0%| F|  |TAMS 0x0000000089000000, 0x0000000089000000| Untracked 
|  79|0x0000000089100000, 0x0000000089100000, 0x0000000089200000|  0%| F|  |TAMS 0x0000000089100000, 0x0000000089100000| Untracked 
|  80|0x0000000089200000, 0x0000000089200000, 0x0000000089300000|  0%| F|  |TAMS 0x0000000089200000, 0x0000000089200000| Untracked 
|  81|0x0000000089300000, 0x0000000089300000, 0x0000000089400000|  0%| F|  |TAMS 0x0000000089300000, 0x0000000089300000| Untracked 
|  82|0x0000000089400000, 0x0000000089400000, 0x0000000089500000|  0%| F|  |TAMS 0x0000000089400000, 0x0000000089400000| Untracked 
|  83|0x0000000089500000, 0x0000000089500000, 0x0000000089600000|  0%| F|  |TAMS 0x0000000089500000, 0x0000000089500000| Untracked 
|  84|0x0000000089600000, 0x0000000089600000, 0x0000000089700000|  0%| F|  |TAMS 0x0000000089600000, 0x0000000089600000| Untracked 
|  85|0x0000000089700000, 0x0000000089700000, 0x0000000089800000|  0%| F|  |TAMS 0x0000000089700000, 0x0000000089700000| Untracked 
|  86|0x0000000089800000, 0x0000000089800000, 0x0000000089900000|  0%| F|  |TAMS 0x0000000089800000, 0x0000000089800000| Untracked 
|  87|0x0000000089900000, 0x0000000089900000, 0x0000000089a00000|  0%| F|  |TAMS 0x0000000089900000, 0x0000000089900000| Untracked 
|  88|0x0000000089a00000, 0x0000000089a00000, 0x0000000089b00000|  0%| F|  |TAMS 0x0000000089a00000, 0x0000000089a00000| Untracked 
|  89|0x0000000089b00000, 0x0000000089b00000, 0x0000000089c00000|  0%| F|  |TAMS 0x0000000089b00000, 0x0000000089b00000| Untracked 
|  90|0x0000000089c00000, 0x0000000089c00000, 0x0000000089d00000|  0%| F|  |TAMS 0x0000000089c00000, 0x0000000089c00000| Untracked 
|  91|0x0000000089d00000, 0x0000000089d00000, 0x0000000089e00000|  0%| F|  |TAMS 0x0000000089d00000, 0x0000000089d00000| Untracked 
|  92|0x0000000089e00000, 0x0000000089e00000, 0x0000000089f00000|  0%| F|  |TAMS 0x0000000089e00000, 0x0000000089e00000| Untracked 
|  93|0x0000000089f00000, 0x0000000089f00000, 0x000000008a000000|  0%| F|  |TAMS 0x0000000089f00000, 0x0000000089f00000| Untracked 
|  94|0x000000008a000000, 0x000000008a000000, 0x000000008a100000|  0%| F|  |TAMS 0x000000008a000000, 0x000000008a000000| Untracked 
|  95|0x000000008a100000, 0x000000008a100000, 0x000000008a200000|  0%| F|  |TAMS 0x000000008a100000, 0x000000008a100000| Untracked 
|  96|0x000000008a200000, 0x000000008a200000, 0x000000008a300000|  0%| F|  |TAMS 0x000000008a200000, 0x000000008a200000| Untracked 
|  97|0x000000008a300000, 0x000000008a300000, 0x000000008a400000|  0%| F|  |TAMS 0x000000008a300000, 0x000000008a300000| Untracked 
|  98|0x000000008a400000, 0x000000008a400000, 0x000000008a500000|  0%| F|  |TAMS 0x000000008a400000, 0x000000008a400000| Untracked 
|  99|0x000000008a500000, 0x000000008a500000, 0x000000008a600000|  0%| F|  |TAMS 0x000000008a500000, 0x000000008a500000| Untracked 
| 100|0x000000008a600000, 0x000000008a600000, 0x000000008a700000|  0%| F|  |TAMS 0x000000008a600000, 0x000000008a600000| Untracked 
| 101|0x000000008a700000, 0x000000008a700000, 0x000000008a800000|  0%| F|  |TAMS 0x000000008a700000, 0x000000008a700000| Untracked 
| 102|0x000000008a800000, 0x000000008a800000, 0x000000008a900000|  0%| F|  |TAMS 0x000000008a800000, 0x000000008a800000| Untracked 
| 103|0x000000008a900000, 0x000000008a900000, 0x000000008aa00000|  0%| F|  |TAMS 0x000000008a900000, 0x000000008a900000| Untracked 
| 104|0x000000008aa00000, 0x000000008aa00000, 0x000000008ab00000|  0%| F|  |TAMS 0x000000008aa00000, 0x000000008aa00000| Untracked 
| 105|0x000000008ab00000, 0x000000008ab00000, 0x000000008ac00000|  0%| F|  |TAMS 0x000000008ab00000, 0x000000008ab00000| Untracked 
| 106|0x000000008ac00000, 0x000000008ac00000, 0x000000008ad00000|  0%| F|  |TAMS 0x000000008ac00000, 0x000000008ac00000| Untracked 
| 107|0x000000008ad00000, 0x000000008ad00000, 0x000000008ae00000|  0%| F|  |TAMS 0x000000008ad00000, 0x000000008ad00000| Untracked 
| 108|0x000000008ae00000, 0x000000008ae00000, 0x000000008af00000|  0%| F|  |TAMS 0x000000008ae00000, 0x000000008ae00000| Untracked 
| 109|0x000000008af00000, 0x000000008af00000, 0x000000008b000000|  0%| F|  |TAMS 0x000000008af00000, 0x000000008af00000| Untracked 
| 110|0x000000008b000000, 0x000000008b000000, 0x000000008b100000|  0%| F|  |TAMS 0x000000008b000000, 0x000000008b000000| Untracked 
| 111|0x000000008b100000, 0x000000008b100000, 0x000000008b200000|  0%| F|  |TAMS 0x000000008b100000, 0x000000008b100000| Untracked 
| 112|0x000000008b200000, 0x000000008b200000, 0x000000008b300000|  0%| F|  |TAMS 0x000000008b200000, 0x000000008b200000| Untracked 
| 113|0x000000008b300000, 0x000000008b300000, 0x000000008b400000|  0%| F|  |TAMS 0x000000008b300000, 0x000000008b300000| Untracked 
| 114|0x000000008b400000, 0x000000008b400000, 0x000000008b500000|  0%| F|  |TAMS 0x000000008b400000, 0x000000008b400000| Untracked 
| 115|0x000000008b500000, 0x000000008b500000, 0x000000008b600000|  0%| F|  |TAMS 0x000000008b500000, 0x000000008b500000| Untracked 
| 116|0x000000008b600000, 0x000000008b600000, 0x000000008b700000|  0%| F|  |TAMS 0x000000008b600000, 0x000000008b600000| Untracked 
| 117|0x000000008b700000, 0x000000008b700000, 0x000000008b800000|  0%| F|  |TAMS 0x000000008b700000, 0x000000008b700000| Untracked 
| 118|0x000000008b800000, 0x000000008b800000, 0x000000008b900000|  0%| F|  |TAMS 0x000000008b800000, 0x000000008b800000| Untracked 
| 119|0x000000008b900000, 0x000000008b900000, 0x000000008ba00000|  0%| F|  |TAMS 0x000000008b900000, 0x000000008b900000| Untracked 
| 120|0x000000008ba00000, 0x000000008ba00000, 0x000000008bb00000|  0%| F|  |TAMS 0x000000008ba00000, 0x000000008ba00000| Untracked 
| 121|0x000000008bb00000, 0x000000008bb00000, 0x000000008bc00000|  0%| F|  |TAMS 0x000000008bb00000, 0x000000008bb00000| Untracked 
| 122|0x000000008bc00000, 0x000000008bc00000, 0x000000008bd00000|  0%| F|  |TAMS 0x000000008bc00000, 0x000000008bc00000| Untracked 
| 123|0x000000008bd00000, 0x000000008bd00000, 0x000000008be00000|  0%| F|  |TAMS 0x000000008bd00000, 0x000000008bd00000| Untracked 

Card table byte_map: [0x0000026b68790000,0x0000026b68b70000] _byte_map_base: 0x0000026b6836f000

Marking Bits (Prev, Next): (CMBitMap*) 0x0000026b4fb0e718, (CMBitMap*) 0x0000026b4fb0e750
 Prev Bits: [0x0000026b68f50000, 0x0000026b6ae48000)
 Next Bits: [0x0000026b6ae50000, 0x0000026b6cd48000)

Polling page: 0x0000026b4fba0000

Metaspace:

Usage:
  Non-class:     47.46 MB capacity,    46.56 MB ( 98%) used,   745.61 KB (  2%) free+waste,   183.88 KB ( <1%) overhead. 
      Class:      7.75 MB capacity,     7.11 MB ( 92%) used,   559.08 KB (  7%) free+waste,    95.13 KB (  1%) overhead. 
       Both:     55.21 MB capacity,    53.66 MB ( 97%) used,     1.27 MB (  2%) free+waste,   279.00 KB ( <1%) overhead. 

Virtual space:
  Non-class space:       48.00 MB reserved,      47.63 MB (>99%) committed 
      Class space:        1.00 GB reserved,       7.82 MB ( <1%) committed 
             Both:        1.05 GB reserved,      55.45 MB (  5%) committed 

Chunk freelists:
   Non-Class:  5.25 KB
       Class:  512 bytes
        Both:  5.75 KB

CodeHeap 'non-profiled nmethods': size=238336Kb used=7714Kb max_used=7714Kb free=230621Kb
 bounds [0x0000026b59080000, 0x0000026b59810000, 0x0000026b67940000]
CodeHeap 'non-nmethods': size=7424Kb used=1251Kb max_used=1251Kb free=6172Kb
 bounds [0x0000026b58940000, 0x0000026b58bb0000, 0x0000026b59080000]
 total_blobs=5712 nmethods=5095 adapters=543
 compilation: enabled
              stopped_count=0, restarted_count=0
 full_count=0

Compilation events (10 events):
Event: 11.074 Thread 0x0000026b7015b000 5091       1       org.hibernate.type.AbstractStandardBasicType::isAssociationType (2 bytes)
Event: 11.074 Thread 0x0000026b7015b000 nmethod 5091 0x0000026b59807a10 code [0x0000026b59807ba0, 0x0000026b59807c58]
Event: 11.074 Thread 0x0000026b7015b000 5092       1       org.hibernate.tuple.AbstractAttribute::getType (5 bytes)
Event: 11.074 Thread 0x0000026b7015b000 nmethod 5092 0x0000026b59807d10 code [0x0000026b59807ea0, 0x0000026b59807f58]
Event: 11.074 Thread 0x0000026b7015b000 5093       1       org.hibernate.tuple.AbstractAttribute::getName (5 bytes)
Event: 11.075 Thread 0x0000026b7015b000 nmethod 5093 0x0000026b59808010 code [0x0000026b598081a0, 0x0000026b59808258]
Event: 11.107 Thread 0x0000026b7015b000 5094       1       org.hibernate.engine.jdbc.env.internal.JdbcEnvironmentImpl::getDialect (5 bytes)
Event: 11.107 Thread 0x0000026b7015b000 nmethod 5094 0x0000026b59808310 code [0x0000026b598084a0, 0x0000026b59808558]
Event: 11.109 Thread 0x0000026b7015b000 5095       1       org.hibernate.loader.PropertyPath::getFullPath (5 bytes)
Event: 11.109 Thread 0x0000026b7015b000 nmethod 5095 0x0000026b59808610 code [0x0000026b598087a0, 0x0000026b59808858]

GC Heap History (10 events):
Event: 2.578 GC heap after
{Heap after GC invocations=3 (full 0):
 garbage-first heap   total 126976K, used 9792K [0x0000000084200000, 0x0000000100000000)
  region size 1024K, 2 young (2048K), 2 survivors (2048K)
 Metaspace       used 20624K, capacity 21192K, committed 21296K, reserved 1069056K
  class space    used 2404K, capacity 2654K, committed 2688K, reserved 1048576K
}
Event: 3.849 GC heap before
{Heap before GC invocations=4 (full 0):
 garbage-first heap   total 126976K, used 82496K [0x0000000084200000, 0x0000000100000000)
  region size 1024K, 74 young (75776K), 2 survivors (2048K)
 Metaspace       used 26112K, capacity 26958K, committed 27132K, reserved 1073152K
  class space    used 3191K, capacity 3533K, committed 3660K, reserved 1048576K
}
Event: 3.862 GC heap after
{Heap after GC invocations=5 (full 0):
 garbage-first heap   total 126976K, used 12934K [0x0000000084200000, 0x0000000100000000)
  region size 1024K, 5 young (5120K), 5 survivors (5120K)
 Metaspace       used 26112K, capacity 26958K, committed 27132K, reserved 1073152K
  class space    used 3191K, capacity 3533K, committed 3660K, reserved 1048576K
}
Event: 5.444 GC heap before
{Heap before GC invocations=5 (full 0):
 garbage-first heap   total 126976K, used 83590K [0x0000000084200000, 0x0000000100000000)
  region size 1024K, 74 young (75776K), 5 survivors (5120K)
 Metaspace       used 29516K, capacity 30445K, committed 30716K, reserved 1075200K
  class space    used 3687K, capacity 4098K, committed 4172K, reserved 1048576K
}
Event: 5.462 GC heap after
{Heap after GC invocations=6 (full 0):
 garbage-first heap   total 126976K, used 15038K [0x0000000084200000, 0x0000000100000000)
  region size 1024K, 7 young (7168K), 7 survivors (7168K)
 Metaspace       used 29516K, capacity 30445K, committed 30716K, reserved 1075200K
  class space    used 3687K, capacity 4098K, committed 4172K, reserved 1048576K
}
Event: 7.025 GC heap before
{Heap before GC invocations=6 (full 0):
 garbage-first heap   total 126976K, used 73406K [0x0000000084200000, 0x0000000100000000)
  region size 1024K, 65 young (66560K), 7 survivors (7168K)
 Metaspace       used 34697K, capacity 35929K, committed 36048K, reserved 1081344K
  class space    used 4393K, capacity 4901K, committed 4940K, reserved 1048576K
}
Event: 7.060 GC heap after
{Heap after GC invocations=7 (full 0):
 garbage-first heap   total 126976K, used 17619K [0x0000000084200000, 0x0000000100000000)
  region size 1024K, 8 young (8192K), 8 survivors (8192K)
 Metaspace       used 34697K, capacity 35929K, committed 36048K, reserved 1081344K
  class space    used 4393K, capacity 4901K, committed 4940K, reserved 1048576K
}
Event: 9.335 GC heap before
{Heap before GC invocations=8 (full 0):
 garbage-first heap   total 126976K, used 85203K [0x0000000084200000, 0x0000000100000000)
  region size 1024K, 74 young (75776K), 8 survivors (8192K)
 Metaspace       used 46212K, capacity 47695K, committed 47824K, reserved 1091584K
  class space    used 6017K, capacity 6640K, committed 6732K, reserved 1048576K
}
Event: 9.347 GC heap after
{Heap after GC invocations=9 (full 0):
 garbage-first heap   total 126976K, used 22345K [0x0000000084200000, 0x0000000100000000)
  region size 1024K, 9 young (9216K), 9 survivors (9216K)
 Metaspace       used 46212K, capacity 47695K, committed 47824K, reserved 1091584K
  class space    used 6017K, capacity 6640K, committed 6732K, reserved 1048576K
}
Event: 11.242 GC heap before
{Heap before GC invocations=9 (full 0):
 garbage-first heap   total 126976K, used 88905K [0x0000000084200000, 0x0000000100000000)
  region size 1024K, 74 young (75776K), 9 survivors (9216K)
 Metaspace       used 54950K, capacity 56534K, committed 56784K, reserved 1097728K
  class space    used 7277K, capacity 7932K, committed 8012K, reserved 1048576K
}

Deoptimization events (0 events):
No events

Classes redefined (0 events):
No events

Internal exceptions (10 events):
Event: 8.884 Thread 0x0000026b71aa8000 Exception <a 'java/lang/reflect/InvocationTargetException'{0x000000008a116848}> (0x000000008a116848) thrown at [./open/src/hotspot/share/runtime/reflection.cpp, line 1242]
Event: 9.015 Thread 0x0000026b4fad1000 Exception <a 'sun/nio/fs/WindowsException'{0x0000000087798c78}> (0x0000000087798c78) thrown at [./open/src/hotspot/share/prims/jni.cpp, line 611]
Event: 9.031 Thread 0x0000026b4fad1000 Exception <a 'java/lang/NoSuchMethodError'{0x00000000877beee8}: java.lang.invoke.DirectMethodHandle$Holder.invokeStaticInit(Ljava/lang/Object;Ljava/lang/Object;Ljava/lang/Object;Ljava/lang/Object;)I> (0x00000000877beee8) thrown at [./open/src/hotspot/shar
Event: 9.394 Thread 0x0000026b71aa8000 Exception <a 'java/lang/reflect/InvocationTargetException'{0x000000008bc89ba8}> (0x000000008bc89ba8) thrown at [./open/src/hotspot/share/runtime/reflection.cpp, line 1242]
Event: 9.626 Thread 0x0000026b4fad1000 Exception <a 'java/lang/NoSuchMethodError'{0x000000008b627a18}: java.lang.invoke.DirectMethodHandle$Holder.invokeStaticInit(Ljava/lang/Object;Ljava/lang/Object;Ljava/lang/Object;Ljava/lang/Object;)Ljava/lang/Object;> (0x000000008b627a18) thrown at [./open
Event: 9.903 Thread 0x0000026b71aa8000 Exception <a 'java/lang/reflect/InvocationTargetException'{0x000000008acaeb18}> (0x000000008acaeb18) thrown at [./open/src/hotspot/share/runtime/reflection.cpp, line 1242]
Event: 10.103 Thread 0x0000026b4fad1000 Exception <a 'java/lang/NoSuchMethodError'{0x000000008a5b5d18}: java.lang.invoke.DirectMethodHandle$Holder.newInvokeSpecial(Ljava/lang/Object;Ljava/lang/Object;ILjava/lang/Object;Ljava/lang/Object;)Ljava/lang/Object;> (0x000000008a5b5d18) thrown at [./ope
Event: 10.417 Thread 0x0000026b71aa8000 Exception <a 'java/lang/reflect/InvocationTargetException'{0x000000008980f400}> (0x000000008980f400) thrown at [./open/src/hotspot/share/runtime/reflection.cpp, line 1242]
Event: 10.984 Thread 0x0000026b4fad1000 Exception <a 'java/lang/NoSuchMethodError'{0x00000000884a5098}: java.lang.invoke.DirectMethodHandle$Holder.invokeInterface(Ljava/lang/Object;Ljava/lang/Object;)V> (0x00000000884a5098) thrown at [./open/src/hotspot/share/interpreter/linkResolver.cpp, line 
Event: 11.013 Thread 0x0000026b4fad1000 Exception <a 'java/lang/NoSuchMethodError'{0x000000008838b538}: java.lang.invoke.DirectMethodHandle$Holder.invokeStaticInit(Ljava/lang/Object;Ljava/lang/Object;Ljava/lang/Object;Ljava/lang/Object;II)Ljava/lang/Object;> (0x000000008838b538) thrown at [./op

Events (10 events):
Event: 11.237 loading class org/hibernate/tool/schema/spi/SchemaDropper done
Event: 11.238 loading class org/hibernate/tool/schema/spi/SchemaMigrator
Event: 11.238 loading class org/hibernate/tool/schema/spi/SchemaMigrator done
Event: 11.239 loading class org/hibernate/tool/schema/spi/SchemaCreator
Event: 11.239 loading class org/hibernate/tool/schema/spi/SchemaCreator done
Event: 11.240 loading class org/hibernate/tool/schema/internal/exec/GenerationTarget
Event: 11.240 loading class org/hibernate/tool/schema/internal/exec/GenerationTarget done
Event: 11.241 loading class org/hibernate/tool/schema/internal/exec/JdbcContext
Event: 11.241 loading class org/hibernate/tool/schema/internal/exec/JdbcContext done
Event: 11.242 Executing VM operation: G1CollectForAllocation


Dynamic libraries:
0x00007ff75b4f0000 - 0x00007ff75b4ff000 	C:\Program Files\Java\jdk-11.0.16\bin\java.exe
0x00007ff969150000 - 0x00007ff969348000 	C:\WINDOWS\SYSTEM32\ntdll.dll
0x00007ff968020000 - 0x00007ff9680df000 	C:\WINDOWS\System32\KERNEL32.DLL
0x00007ff966af0000 - 0x00007ff966de6000 	C:\WINDOWS\System32\KERNELBASE.dll
0x00007ff9669c0000 - 0x00007ff966ac0000 	C:\WINDOWS\System32\ucrtbase.dll
0x00007ff94d6d0000 - 0x00007ff94d6e5000 	C:\Program Files\Java\jdk-11.0.16\bin\VCRUNTIME140.dll
0x00007ff94dca0000 - 0x00007ff94dcb8000 	C:\Program Files\Java\jdk-11.0.16\bin\jli.dll
0x00007ff9685f0000 - 0x00007ff96869f000 	C:\WINDOWS\System32\ADVAPI32.dll
0x00007ff968870000 - 0x00007ff96890e000 	C:\WINDOWS\System32\msvcrt.dll
0x00007ff9679c0000 - 0x00007ff967a5c000 	C:\WINDOWS\System32\sechost.dll
0x00007ff968ab0000 - 0x00007ff968bd6000 	C:\WINDOWS\System32\RPCRT4.dll
0x00007ff968910000 - 0x00007ff968aad000 	C:\WINDOWS\System32\USER32.dll
0x00007ff966990000 - 0x00007ff9669b2000 	C:\WINDOWS\System32\win32u.dll
0x00007ff9671b0000 - 0x00007ff9671dc000 	C:\WINDOWS\System32\GDI32.dll
0x00007ff966f10000 - 0x00007ff967025000 	C:\WINDOWS\System32\gdi32full.dll
0x00007ff967110000 - 0x00007ff9671ad000 	C:\WINDOWS\System32\msvcp_win.dll
0x00007ff951690000 - 0x00007ff95192a000 	C:\WINDOWS\WinSxS\amd64_microsoft.windows.common-controls_6595b64144ccf1df_6.0.19041.1110_none_60b5254171f9507e\COMCTL32.dll
0x00007ff9573c0000 - 0x00007ff9573ca000 	C:\WINDOWS\SYSTEM32\VERSION.dll
0x00007ff967930000 - 0x00007ff967960000 	C:\WINDOWS\System32\IMM32.DLL
0x00007ff930ca0000 - 0x00007ff930d3b000 	C:\Program Files\Java\jdk-11.0.16\bin\msvcp140.dll
0x00007ff912860000 - 0x00007ff913378000 	C:\Program Files\Java\jdk-11.0.16\bin\server\jvm.dll
0x00007ff9686a0000 - 0x00007ff9686a8000 	C:\WINDOWS\System32\PSAPI.DLL
0x00007ff948fc0000 - 0x00007ff948fc9000 	C:\WINDOWS\SYSTEM32\WSOCK32.dll
0x00007ff950300000 - 0x00007ff950327000 	C:\WINDOWS\SYSTEM32\WINMM.dll
0x00007ff9680e0000 - 0x00007ff96814b000 	C:\WINDOWS\System32\WS2_32.dll
0x00007ff965070000 - 0x00007ff965082000 	C:\WINDOWS\SYSTEM32\kernel.appcore.dll
0x00007ff9626d0000 - 0x00007ff9626e0000 	C:\Program Files\Java\jdk-11.0.16\bin\verify.dll
0x00007ff964c00000 - 0x00007ff964de4000 	C:\WINDOWS\SYSTEM32\DBGHELP.DLL
0x00007ff964bc0000 - 0x00007ff964bf4000 	C:\WINDOWS\SYSTEM32\dbgcore.DLL
0x00007ff967030000 - 0x00007ff9670b2000 	C:\WINDOWS\System32\bcryptPrimitives.dll
0x00007ff93a670000 - 0x00007ff93a698000 	C:\Program Files\Java\jdk-11.0.16\bin\java.dll
0x00007ff9616f0000 - 0x00007ff9616fa000 	C:\Program Files\Java\jdk-11.0.16\bin\jimage.dll
0x00007ff953e00000 - 0x00007ff953e0e000 	C:\Program Files\Java\jdk-11.0.16\bin\instrument.dll
0x00007ff94d160000 - 0x00007ff94d176000 	C:\Program Files\Java\jdk-11.0.16\bin\zip.dll
0x00007ff9671e0000 - 0x00007ff967924000 	C:\WINDOWS\System32\SHELL32.dll
0x00007ff9641d0000 - 0x00007ff964964000 	C:\WINDOWS\SYSTEM32\windows.storage.dll
0x00007ff968230000 - 0x00007ff968584000 	C:\WINDOWS\System32\combase.dll
0x00007ff966200000 - 0x00007ff96622e000 	C:\WINDOWS\SYSTEM32\Wldp.dll
0x00007ff967a60000 - 0x00007ff967b0d000 	C:\WINDOWS\System32\SHCORE.dll
0x00007ff967960000 - 0x00007ff9679b5000 	C:\WINDOWS\System32\shlwapi.dll
0x00007ff966760000 - 0x00007ff966785000 	C:\WINDOWS\SYSTEM32\profapi.dll
0x00007ff94ef70000 - 0x00007ff94ef89000 	C:\Program Files\Java\jdk-11.0.16\bin\net.dll
0x00007ff964980000 - 0x00007ff964a8a000 	C:\WINDOWS\SYSTEM32\WINHTTP.dll
0x00007ff965f50000 - 0x00007ff965fba000 	C:\WINDOWS\system32\mswsock.dll
0x00007ff94d960000 - 0x00007ff94d972000 	C:\Program Files\Java\jdk-11.0.16\bin\nio.dll
0x00007ff95ec00000 - 0x00007ff95ec1a000 	C:\Program Files\JetBrains\IntelliJ IDEA 2022.2\bin\breakgen64.dll
0x00007ff965c90000 - 0x00007ff965d5a000 	C:\WINDOWS\SYSTEM32\DNSAPI.dll
0x00007ff965c50000 - 0x00007ff965c8c000 	C:\WINDOWS\SYSTEM32\IPHLPAPI.DLL
0x00007ff968be0000 - 0x00007ff968be8000 	C:\WINDOWS\System32\NSI.dll
0x00007ff95d8d0000 - 0x00007ff95d8da000 	C:\Windows\System32\rasadhlp.dll
0x00007ff957750000 - 0x00007ff9577d2000 	C:\WINDOWS\System32\fwpuclnt.dll
0x00007ff966ac0000 - 0x00007ff966ae7000 	C:\WINDOWS\System32\bcrypt.dll
0x00007ff950100000 - 0x00007ff950109000 	C:\Program Files\Java\jdk-11.0.16\bin\management.dll
0x00007ff94f630000 - 0x00007ff94f63b000 	C:\Program Files\Java\jdk-11.0.16\bin\management_ext.dll
0x00007ff966140000 - 0x00007ff966158000 	C:\WINDOWS\SYSTEM32\CRYPTSP.dll
0x00007ff965820000 - 0x00007ff965854000 	C:\WINDOWS\system32\rsaenh.dll
0x00007ff966720000 - 0x00007ff96674e000 	C:\WINDOWS\SYSTEM32\USERENV.dll
0x00007ff9661a0000 - 0x00007ff9661ac000 	C:\WINDOWS\SYSTEM32\CRYPTBASE.dll
0x00007ff95d890000 - 0x00007ff95d8a7000 	C:\WINDOWS\SYSTEM32\dhcpcsvc6.DLL
0x00007ff95d970000 - 0x00007ff95d98d000 	C:\WINDOWS\SYSTEM32\dhcpcsvc.DLL
0x00007ff93e330000 - 0x00007ff93e347000 	C:\WINDOWS\system32\napinsp.dll
0x00007ff93df70000 - 0x00007ff93df8b000 	C:\WINDOWS\system32\pnrpnsp.dll
0x00007ff9602f0000 - 0x00007ff960305000 	C:\WINDOWS\system32\wshbth.dll
0x00007ff9616b0000 - 0x00007ff9616cd000 	C:\WINDOWS\system32\NLAapi.dll
0x00007ff93df50000 - 0x00007ff93df62000 	C:\WINDOWS\System32\winrnr.dll
0x00007ff940040000 - 0x00007ff940065000 	C:\Program Files\Java\jdk-11.0.16\bin\sunec.dll
0x00007ff955140000 - 0x00007ff95514d000 	C:\Program Files\Java\jdk-11.0.16\bin\sunmscapi.dll
0x00007ff966830000 - 0x00007ff96698e000 	C:\WINDOWS\System32\CRYPT32.dll
0x00007ff966270000 - 0x00007ff966298000 	C:\WINDOWS\SYSTEM32\ncrypt.dll
0x00007ff966230000 - 0x00007ff96626b000 	C:\WINDOWS\SYSTEM32\NTASN1.dll

dbghelp: loaded successfully - version: 4.0.5 - missing functions: none
symbol engine: initialized successfully - sym options: 0x614 - pdb path: .;C:\Program Files\Java\jdk-11.0.16\bin;C:\WINDOWS\SYSTEM32;C:\WINDOWS\WinSxS\amd64_microsoft.windows.common-controls_6595b64144ccf1df_6.0.19041.1110_none_60b5254171f9507e;C:\Program Files\Java\jdk-11.0.16\bin\server;C:\Program Files\JetBrains\IntelliJ IDEA 2022.2\bin

VM Arguments:
jvm_args: -XX:TieredStopAtLevel=1 -Xverify:none -Dspring.output.ansi.enabled=always -Dcom.sun.management.jmxremote -Dspring.jmx.enabled=true -Dspring.liveBeansView.mbeanDomain -Dspring.application.admin.enabled=true -javaagent:C:\Program Files\JetBrains\IntelliJ IDEA 2022.2\lib\idea_rt.jar=50797:C:\Program Files\JetBrains\IntelliJ IDEA 2022.2\bin -Dfile.encoding=UTF-8 
java_command: inha.app.MyGate.MyGateApplication
java_class_path (initial): C:\Users\배은경\Documents\GitHub\OneDayProducts-Inha-BackEnd\build\classes\java\main;C:\Users\배은경\Documents\GitHub\OneDayProducts-Inha-BackEnd\build\resources\main;C:\Users\배은경\.gradle\caches\modules-2\files-2.1\org.projectlombok\lombok\1.18.30\f195ee86e6c896ea47a1d39defbe20eb59cd149d\lombok-1.18.30.jar;C:\Users\배은경\.gradle\caches\modules-2\files-2.1\org.springframework.boot\spring-boot-starter-data-jpa\2.7.17\58f1589f84fcc1cc5f0bfaca2d5d4e66f24a0489\spring-boot-starter-data-jpa-2.7.17.jar;C:\Users\배은경\.gradle\caches\modules-2\files-2.1\org.springframework.boot\spring-boot-starter-web\2.7.17\aeb473ae622bc61e5cd153384c0a57ff4a75b5b7\spring-boot-starter-web-2.7.17.jar;C:\Users\배은경\.gradle\caches\modules-2\files-2.1\com.github.ulisesbocchio\jasypt-spring-boot-starter\3.0.4\ba3f0ef32c86dfcd15f5c273672d12bffdc0a09b\jasypt-spring-boot-starter-3.0.4.jar;C:\Users\배은경\.gradle\caches\modules-2\files-2.1\io.springfox\springfox-boot-starter\3.0.0\5486365e263f8acca014b97efa50c3419d58e8f6\springfox-boot-starter-3.0.0.jar;C:\Users\배은경\.gradle\caches\modules-2\files-2.1\io.springfox\springfox-swagger-ui\3.0.0\1e665fbe22148f7c36fa8a08e515a0047cd4390b\springfox-swagger-ui-3.0.0.jar;C:\Users\배은경\.gradle\caches\modules-2\files-2.1\org.springframework.boot\spring-boot-starter-aop\2.7.17\c049c588ae94af34917f878d6f52f867473e66a0\spring-boot-starter-aop-2.7.17.jar;C:\Users\배은경\.gradle\caches\modules-2\files-2.1\org.springframework.boot\spring-boot-starter-jdbc\2.7.17\11f0473fc3e84ad27af55912aaceff83a7c8a6b3\spring-boot-starter-jdbc-2.7.17.jar;C:\Users\배은경\.gradle\caches\modules-2\files-2.1\jakarta.transaction\jakarta.transaction-api\1.3.3\c4179d48720a1e87202115fbed6089bdc4195405\jakarta.transaction-api-1.3.3.jar;C:\Users\배은경\.gradle\caches\modules-2\files-2.1\jakarta.persistence\jakarta.persistence-api\2.2.3\8f6ea5daedc614f07a3654a455660145286f024e\jakarta.persistence-api-2.2.3.jar;C:\Users\배은경\.gradle\caches\modules-2\files-
Launcher Type: SUN_STANDARD

[Global flags]
     bool BytecodeVerificationLocal                = false                                     {product} {command line}
     bool BytecodeVerificationRemote               = false                                     {product} {command line}
     intx CICompilerCount                          = 4                                         {product} {ergonomic}
     uint ConcGCThreads                            = 2                                         {product} {ergonomic}
     uint G1ConcRefinementThreads                  = 8                                         {product} {ergonomic}
   size_t G1HeapRegionSize                         = 1048576                                   {product} {ergonomic}
    uintx GCDrainStackTargetSize                   = 64                                        {product} {ergonomic}
   size_t InitialHeapSize                          = 130023424                                 {product} {ergonomic}
     bool ManagementServer                         = true                                      {product} {command line}
   size_t MarkStackSize                            = 4194304                                   {product} {ergonomic}
   size_t MaxHeapSize                              = 2078277632                                {product} {ergonomic}
   size_t MaxNewSize                               = 1246756864                                {product} {ergonomic}
   size_t MinHeapDeltaBytes                        = 1048576                                   {product} {ergonomic}
    uintx NonNMethodCodeHeapSize                   = 7549744                                {pd product} {ergonomic}
    uintx NonProfiledCodeHeapSize                  = 244108496                              {pd product} {ergonomic}
    uintx ProfiledCodeHeapSize                     = 0                                      {pd product} {ergonomic}
    uintx ReservedCodeCacheSize                    = 251658240                              {pd product} {ergonomic}
     bool SegmentedCodeCache                       = true                                      {product} {ergonomic}
     intx TieredStopAtLevel                        = 1                                         {product} {command line}
     bool UseCompressedClassPointers               = true                                 {lp64_product} {ergonomic}
     bool UseCompressedOops                        = true                                 {lp64_product} {ergonomic}
     bool UseG1GC                                  = true                                      {product} {ergonomic}
     bool UseLargePagesIndividualAllocation        = false                                  {pd product} {ergonomic}

Logging:
Log output configuration:
 #0: stdout all=warning uptime,level,tags
 #1: stderr all=off uptime,level,tags

Environment Variables:
JAVA_HOME=C:\Program Files\Java\jdk-11.0.16
PATH=C:\Program Files (x86)\Windows Resource Kits\Tools\;E:\WINDOWS.X64_193000_db_home\bin;C:\WINDOWS\system32;C:\WINDOWS;C:\WINDOWS\System32\Wbem;C:\WINDOWS\System32\WindowsPowerShell\v1.0\;C:\WINDOWS\System32\OpenSSH\;C:\Program Files\Java\jdk-11.0.16\bin;C:\Program Files\Apache Software Foundation\Tomcat 9.0\bin;C:\Program Files\Git\cmd;C:\Program Files\PuTTY\;C:\Users\배은경\AppData\Local\Programs\Python\Python311;C:\Program Files\Amazon\AWSCLIV2\;C:\Users\배은경\AppData\Local\Programs\Python\Python311\Scripts\;C:\Users\배은경\AppData\Local\Programs\Python\Python312\Scripts\;C:\Users\배은경\AppData\Local\Programs\Python\Python312\;C:\Users\배은경\AppData\Local\GitHubDesktop\bin;C:\Program Files\Java\jdk-14\bin;C:\Users\배은경\AppData\Local\Microsoft\WindowsApps;C:\Program Files\Apache Software Foundation\Tomcat 9.0\bin;C:\Program Files\JetBrains\IntelliJ IDEA 2022.2\bin;;C:\Users\배은경\AppData\Local\Google\Cloud SDK\google-cloud-sdk\bin;C:\Users\배은경\AppData\Local\Programs\Python\Python311;;E:\Microsoft VS Code\bin
USERNAME=배은경
OS=Windows_NT
PROCESSOR_IDENTIFIER=Intel64 Family 6 Model 126 Stepping 5, GenuineIntel



---------------  S Y S T E M  ---------------

OS: Windows 10 , 64 bit Build 19041 (10.0.19041.3155)

CPU:total 8 (initial active 8) (4 cores per cpu, 2 threads per core) family 6 model 126 stepping 5 microcode 0x78, cmov, cx8, fxsr, mmx, sse, sse2, sse3, ssse3, sse4.1, sse4.2, popcnt, avx, avx2, aes, clmul, erms, 3dnowpref, lzcnt, ht, tsc, tscinvbit, bmi1, bmi2, adx, evex, sha, fma

Memory: 4k page, system-wide physical 7926M (659M free)
TotalPageFile size 14407M (AvailPageFile size 21M)
current process WorkingSet (physical memory assigned to process): 217M, peak: 217M
current process commit charge ("private bytes"): 283M, peak: 308M

vm_info: Java HotSpot(TM) 64-Bit Server VM (11.0.16+11-LTS-199) for windows-amd64 JRE (11.0.16+11-LTS-199), built on Jun 28 2022 08:23:17 by "mach5one" with MS VC++ 15.9 (VS2017)

END.
